2025-06-06 15:28:21,164 - INFO - AMI Monitor: Connection stable, monitoring for calls...
2025-06-06 15:31:38,848 - INFO - File updated: 6001 - 
2025-06-06 15:31:54,413 - INFO - Starting Caller ID Monitor...
2025-06-06 15:31:54,414 - INFO - Testing AMI connection...
2025-06-06 15:31:54,415 - INFO - Connecting to AMI at 192.168.20.216:7777
2025-06-06 15:31:54,425 - INFO - AMI Banner: Asterisk Call Manager/2.7.0
2025-06-06 15:31:54,428 - INFO - AMI authentication successful
2025-06-06 15:31:54,428 - INFO - AMI connection test successful
2025-06-06 15:31:54,429 - INFO - Connecting to AMI at 192.168.20.216:7777
2025-06-06 15:31:54,433 - INFO - AMI Banner: Asterisk Call Manager/2.7.0
2025-06-06 15:31:54,436 - INFO - AMI authentication successful
2025-06-06 15:32:15,150 - INFO - File updated: 6001 - 
2025-06-06 15:32:25,206 - INFO - Call answered: DAHDI/o1-1
2025-06-06 15:32:25,208 - INFO - Display cleared
2025-06-06 15:32:34,054 - INFO - File updated: 6001 - 
2025-06-06 15:32:44,102 - INFO - Call answered: DAHDI/o1-1
2025-06-06 15:32:44,104 - INFO - Display cleared
2025-06-06 15:36:54,498 - INFO - AMI Monitor: Connection stable, monitoring for calls...
2025-06-06 15:41:45,299 - INFO - Starting Caller ID Monitor...
2025-06-06 15:41:45,300 - INFO - Testing AMI connection...
2025-06-06 15:41:45,301 - INFO - Connecting to AMI at 192.168.20.216:7777
2025-06-06 15:41:45,309 - INFO - AMI Banner: Asterisk Call Manager/2.7.0
2025-06-06 15:41:45,312 - INFO - AMI authentication successful
2025-06-06 15:41:45,312 - INFO - AMI connection test successful
2025-06-06 15:41:45,313 - INFO - Connecting to AMI at 192.168.20.216:7777
2025-06-06 15:41:45,316 - INFO - AMI Banner: Asterisk Call Manager/2.7.0
2025-06-06 15:41:45,321 - INFO - AMI authentication successful
2025-06-06 15:46:45,373 - INFO - AMI Monitor: Connection stable, monitoring for calls...
2025-06-06 15:47:32,145 - INFO - File updated: 6001 - 
2025-06-06 15:47:42,204 - INFO - Call answered: DAHDI/o1-1
2025-06-06 15:47:42,205 - INFO - Display cleared
2025-06-06 15:47:51,398 - INFO - File updated: 6001 - q1
2025-06-06 15:47:51,421 - INFO - File updated: 6001 - q1
2025-06-06 15:47:51,421 - INFO - Queue call: 6001 joined queue
2025-06-06 15:48:13,971 - INFO - Call hung up: DAHDI/o1-1
2025-06-06 15:48:13,976 - INFO - Display cleared
2025-06-06 15:49:38,626 - INFO - File updated: 6001 - 
2025-06-06 15:49:48,687 - INFO - Call answered: DAHDI/o1-1
2025-06-06 15:49:48,688 - INFO - Display cleared
2025-06-06 15:49:55,648 - INFO - Starting Caller ID Monitor...
2025-06-06 15:49:55,649 - INFO - Testing AMI connection...
2025-06-06 15:49:55,650 - INFO - Connecting to AMI at 192.168.20.216:7777
2025-06-06 15:49:55,653 - INFO - AMI Banner: Asterisk Call Manager/2.7.0
2025-06-06 15:49:55,656 - INFO - AMI authentication successful
2025-06-06 15:49:55,657 - INFO - AMI connection test successful
2025-06-06 15:49:55,658 - INFO - Connecting to AMI at 192.168.20.216:7777
2025-06-06 15:49:55,771 - INFO - AMI Banner: Asterisk Call Manager/2.7.0
2025-06-06 15:49:55,774 - INFO - AMI authentication successful
2025-06-06 15:50:07,153 - INFO - File updated: 6001 - 
2025-06-06 15:50:17,224 - INFO - Call answered: DAHDI/o1-1
2025-06-06 15:50:17,227 - INFO - Display cleared
2025-06-06 15:58:47,021 - INFO - Starting Caller ID Monitor...
2025-06-06 15:58:47,021 - INFO - Testing AMI connection...
2025-06-06 15:58:47,022 - INFO - Connecting to AMI at 192.168.20.216:7777
2025-06-06 15:58:47,093 - INFO - AMI Banner: Asterisk Call Manager/2.7.0
2025-06-06 15:58:47,096 - INFO - AMI authentication successful
2025-06-06 15:58:47,096 - INFO - AMI connection test successful
2025-06-06 15:58:47,097 - INFO - Connecting to AMI at 192.168.20.216:7777
2025-06-06 15:58:47,105 - INFO - AMI Banner: Asterisk Call Manager/2.7.0
2025-06-06 15:58:47,118 - INFO - AMI authentication successful
2025-06-06 15:59:19,946 - INFO - File updated: 6001 - 
2025-06-06 15:59:30,007 - INFO - Call answered: DAHDI/o1-1
2025-06-06 15:59:30,009 - INFO - Display cleared
2025-06-06 15:59:53,315 - INFO - File updated: 6001 - 
2025-06-06 16:00:03,313 - INFO - Call answered: DAHDI/o1-1
2025-06-06 16:00:03,315 - INFO - Display cleared
2025-06-06 16:03:47,153 - INFO - AMI Monitor: Connection stable, monitoring for calls...
2025-06-06 16:04:24,045 - INFO - File updated: 6001 - 
2025-06-06 16:04:34,261 - INFO - Call answered: DAHDI/o1-1
2025-06-06 16:04:34,262 - INFO - Display cleared
2025-06-06 16:08:47,234 - INFO - AMI Monitor: Connection stable, monitoring for calls...
2025-06-06 16:12:46,852 - INFO - File updated: 6001 - 
2025-06-06 16:12:56,876 - INFO - Call answered: DAHDI/o1-1
2025-06-06 16:12:56,878 - INFO - Display cleared
2025-06-06 16:13:47,257 - INFO - AMI Monitor: Connection stable, monitoring for calls...
2025-06-06 16:14:45,029 - INFO - File updated: 6001 - 
2025-06-06 16:14:55,091 - INFO - Call answered: DAHDI/o1-1
2025-06-06 16:14:55,093 - INFO - Display cleared
2025-06-06 16:16:07,910 - INFO - File updated: 6001 - 
2025-06-06 16:16:17,753 - INFO - Call answered: DAHDI/o1-1
2025-06-06 16:16:17,755 - INFO - Display cleared
2025-06-06 16:18:47,426 - INFO - AMI Monitor: Connection stable, monitoring for calls...
2025-06-06 16:21:12,580 - INFO - File updated: 6001 - 
2025-06-06 16:21:22,639 - INFO - Call answered: DAHDI/o1-1
2025-06-06 16:21:22,641 - INFO - Display cleared
2025-06-06 16:21:32,483 - INFO - File updated: 6001 - q1
2025-06-06 16:21:32,507 - INFO - File updated: 6001 - q1
2025-06-06 16:21:32,507 - INFO - Queue call: 6001 joined queue
2025-06-06 16:21:40,445 - INFO - Call hung up: DAHDI/o1-1
2025-06-06 16:21:40,454 - INFO - Display cleared
2025-06-06 16:23:47,486 - INFO - AMI Monitor: Connection stable, monitoring for calls...
2025-06-06 16:28:47,568 - INFO - AMI Monitor: Connection stable, monitoring for calls...
2025-06-06 16:33:18,838 - INFO - File updated: 6001 - 
2025-06-06 16:33:28,904 - INFO - Call answered: DAHDI/o1-1
2025-06-06 16:33:28,904 - INFO - Display cleared
2025-06-06 16:33:47,627 - INFO - AMI Monitor: Connection stable, monitoring for calls...
2025-06-06 16:38:47,652 - INFO - AMI Monitor: Connection stable, monitoring for calls...
2025-06-06 16:42:04,713 - INFO - File updated: 6001 - 
2025-06-06 16:42:14,773 - INFO - Call answered: DAHDI/o1-1
2025-06-06 16:42:14,776 - INFO - Display cleared
2025-06-06 16:43:47,809 - INFO - AMI Monitor: Connection stable, monitoring for calls...
2025-06-06 16:48:47,876 - INFO - AMI Monitor: Connection stable, monitoring for calls...
2025-06-06 16:53:47,923 - INFO - AMI Monitor: Connection stable, monitoring for calls...
2025-06-06 16:58:47,964 - INFO - AMI Monitor: Connection stable, monitoring for calls...
2025-06-06 17:03:48,010 - INFO - AMI Monitor: Connection stable, monitoring for calls...
2025-06-06 17:08:48,072 - INFO - AMI Monitor: Connection stable, monitoring for calls...
2025-06-06 17:13:48,110 - INFO - AMI Monitor: Connection stable, monitoring for calls...
2025-06-06 17:17:59,480 - INFO - File updated: 6001 - 
2025-06-06 17:18:09,534 - INFO - Call answered: DAHDI/o1-1
2025-06-06 17:18:09,535 - INFO - Display cleared
2025-06-06 17:18:48,146 - INFO - AMI Monitor: Connection stable, monitoring for calls...
2025-06-06 17:19:17,328 - INFO - File updated: 6001 - 
2025-06-06 17:19:27,386 - INFO - Call answered: DAHDI/o1-1
2025-06-06 17:19:27,387 - INFO - Display cleared
2025-06-06 17:19:37,275 - INFO - File updated: 6001 - q1
2025-06-06 17:19:37,301 - INFO - File updated: 6001 - q1
2025-06-06 17:19:37,302 - INFO - Queue call: 6001 joined queue
2025-06-06 17:19:45,025 - INFO - Call hung up: DAHDI/o1-1
2025-06-06 17:19:45,027 - INFO - Display cleared
2025-06-06 17:23:48,174 - INFO - AMI Monitor: Connection stable, monitoring for calls...
2025-06-06 17:28:48,201 - INFO - AMI Monitor: Connection stable, monitoring for calls...
2025-06-06 17:29:27,588 - INFO - File updated: 6001 - 
2025-06-06 17:29:37,663 - INFO - Call answered: DAHDI/o1-1
2025-06-06 17:29:37,665 - INFO - Display cleared
2025-06-06 17:29:53,101 - INFO - File updated: 6001 - q1
2025-06-06 17:29:53,127 - INFO - File updated: 6001 - q1
2025-06-06 17:29:53,127 - INFO - Queue call: 6001 joined queue
2025-06-06 17:30:07,617 - INFO - File updated: 6002 - 
2025-06-06 17:30:17,680 - INFO - Call answered: DAHDI/o2-1
2025-06-06 17:30:17,682 - INFO - Display cleared
2025-06-06 17:33:48,267 - INFO - AMI Monitor: Connection stable, monitoring for calls...
2025-06-06 17:34:39,350 - INFO - File updated: 6001 - 
2025-06-06 17:34:49,414 - INFO - Call answered: DAHDI/o1-1
2025-06-06 17:34:49,415 - INFO - Display cleared
2025-06-06 17:37:50,060 - INFO - File updated: 6001 - 
2025-06-06 17:38:00,147 - INFO - Call answered: DAHDI/o1-1
2025-06-06 17:38:00,164 - INFO - Display cleared
2025-06-06 17:38:48,387 - INFO - AMI Monitor: Connection stable, monitoring for calls...
2025-06-06 17:43:48,413 - INFO - AMI Monitor: Connection stable, monitoring for calls...
2025-06-06 17:48:48,436 - INFO - AMI Monitor: Connection stable, monitoring for calls...
2025-06-06 17:49:12,590 - INFO - File updated: 6001 - 
2025-06-06 17:49:22,686 - INFO - Call answered: DAHDI/o1-1
2025-06-06 17:49:22,694 - INFO - Display cleared
2025-06-06 17:49:59,510 - INFO - File updated: 6001 - 
2025-06-06 17:50:09,584 - INFO - Call answered: DAHDI/o1-1
2025-06-06 17:50:09,585 - INFO - Display cleared
2025-06-06 17:50:37,372 - INFO - File updated: 6001 - 
2025-06-06 17:50:47,544 - INFO - Call answered: DAHDI/o1-1
2025-06-06 17:50:47,549 - INFO - Display cleared
2025-06-06 17:51:10,613 - INFO - File updated: 6001 - 
2025-06-06 17:51:20,679 - INFO - Call answered: DAHDI/o1-1
2025-06-06 17:51:20,681 - INFO - Display cleared
2025-06-06 17:51:35,689 - INFO - Starting Caller ID Monitor...
2025-06-06 17:51:35,690 - INFO - Testing AMI connection...
2025-06-06 17:51:35,691 - INFO - Connecting to AMI at 192.168.20.216:7777
2025-06-06 17:51:35,699 - INFO - AMI Banner: Asterisk Call Manager/2.7.0
2025-06-06 17:51:35,704 - INFO - AMI authentication successful
2025-06-06 17:51:35,704 - INFO - AMI connection test successful
2025-06-06 17:51:35,704 - INFO - Connecting to AMI at 192.168.20.216:7777
2025-06-06 17:51:35,707 - INFO - AMI Banner: Asterisk Call Manager/2.7.0
2025-06-06 17:51:35,709 - INFO - AMI authentication successful
2025-06-06 17:51:49,581 - INFO - File updated: 6001 - 
2025-06-06 17:51:59,644 - INFO - Call answered: DAHDI/o1-1
2025-06-06 17:51:59,646 - INFO - Display cleared
2025-06-06 17:52:24,423 - INFO - File updated: 6001 - 
2025-06-06 17:52:34,501 - INFO - Call answered: DAHDI/o1-1
2025-06-06 17:52:34,504 - INFO - Display cleared
2025-06-06 17:55:13,392 - INFO - File updated: 6001 - 
2025-06-06 17:55:23,457 - INFO - Call answered: DAHDI/o1-1
2025-06-06 17:55:23,459 - INFO - Display cleared
2025-06-06 17:56:35,811 - INFO - AMI Monitor: Connection stable, monitoring for calls...
2025-06-06 17:57:07,333 - INFO - File updated: 6001 - 
2025-06-06 17:57:17,388 - INFO - Call answered: DAHDI/o1-1
2025-06-06 17:57:17,390 - INFO - Display cleared
2025-06-10 10:09:55,620 - INFO - Starting Caller ID Monitor...
2025-06-10 10:09:55,621 - INFO - Testing AMI connection...
2025-06-10 10:09:55,622 - INFO - Connecting to AMI at 192.168.20.216:7777
2025-06-10 10:09:55,628 - INFO - AMI Banner: Asterisk Call Manager/2.7.0
2025-06-10 10:09:55,632 - INFO - AMI authentication successful
2025-06-10 10:09:55,633 - INFO - AMI connection test successful
2025-06-10 10:09:55,633 - INFO - Connecting to AMI at 192.168.20.216:7777
2025-06-10 10:09:55,651 - INFO - AMI Banner: Asterisk Call Manager/2.7.0
2025-06-10 10:09:55,653 - INFO - AMI authentication successful
2025-06-10 10:14:55,679 - INFO - AMI Monitor: Connection stable, monitoring for calls...
2025-06-10 10:19:55,710 - INFO - AMI Monitor: Connection stable, monitoring for calls...
2025-06-10 10:24:55,758 - INFO - AMI Monitor: Connection stable, monitoring for calls...
2025-06-10 10:29:55,807 - INFO - AMI Monitor: Connection stable, monitoring for calls...
2025-06-10 10:34:55,952 - INFO - AMI Monitor: Connection stable, monitoring for calls...
2025-06-10 10:39:55,992 - INFO - AMI Monitor: Connection stable, monitoring for calls...
2025-06-10 10:44:56,018 - INFO - AMI Monitor: Connection stable, monitoring for calls...
2025-06-10 10:49:56,061 - INFO - AMI Monitor: Connection stable, monitoring for calls...
2025-06-10 10:54:56,090 - INFO - AMI Monitor: Connection stable, monitoring for calls...
2025-06-10 10:59:56,122 - INFO - AMI Monitor: Connection stable, monitoring for calls...
2025-06-10 11:04:56,145 - INFO - AMI Monitor: Connection stable, monitoring for calls...
2025-06-10 11:09:56,210 - INFO - AMI Monitor: Connection stable, monitoring for calls...
2025-06-10 11:14:56,237 - INFO - AMI Monitor: Connection stable, monitoring for calls...
2025-06-10 11:19:56,271 - INFO - AMI Monitor: Connection stable, monitoring for calls...
2025-06-10 11:24:56,294 - INFO - AMI Monitor: Connection stable, monitoring for calls...
2025-06-10 11:29:56,312 - INFO - AMI Monitor: Connection stable, monitoring for calls...
2025-06-10 11:34:56,350 - INFO - AMI Monitor: Connection stable, monitoring for calls...
2025-06-10 11:39:56,369 - INFO - AMI Monitor: Connection stable, monitoring for calls...
2025-06-10 11:44:56,438 - INFO - AMI Monitor: Connection stable, monitoring for calls...
2025-06-10 11:49:56,463 - INFO - AMI Monitor: Connection stable, monitoring for calls...
2025-06-10 11:52:46,875 - INFO - File updated: 6001 - 
2025-06-10 11:52:56,849 - INFO - Call answered: DAHDI/o1-1
2025-06-10 11:52:56,853 - INFO - Display cleared
2025-06-10 11:53:15,089 - INFO - File updated: 6001 - 
2025-06-10 11:53:25,187 - INFO - Call answered: DAHDI/o2-1
2025-06-10 11:53:25,190 - INFO - Display cleared
2025-06-10 11:54:56,538 - INFO - AMI Monitor: Connection stable, monitoring for calls...
2025-06-10 11:55:56,820 - INFO - File updated: 6001 - 
2025-06-10 11:56:06,880 - INFO - Call answered: DAHDI/o1-1
2025-06-10 11:56:06,882 - INFO - Display cleared
2025-06-10 11:59:56,603 - INFO - AMI Monitor: Connection stable, monitoring for calls...
2025-06-10 12:00:37,325 - INFO - File updated: 6001 - 
2025-06-10 12:00:47,404 - INFO - Call answered: DAHDI/o1-1
2025-06-10 12:00:47,405 - INFO - Display cleared
2025-06-10 12:01:02,277 - INFO - File updated: 6001 - 
2025-06-10 12:01:12,331 - INFO - Call answered: DAHDI/o1-1
2025-06-10 12:01:12,332 - INFO - Display cleared
2025-06-10 12:04:56,639 - INFO - AMI Monitor: Connection stable, monitoring for calls...
2025-06-10 12:05:44,759 - INFO - File updated: 6001 - 
2025-06-10 12:05:54,820 - INFO - Call answered: DAHDI/o1-1
2025-06-10 12:05:54,821 - INFO - Display cleared
2025-06-10 12:08:00,176 - INFO - File updated: 6001 - 
2025-06-10 12:08:10,237 - INFO - Call answered: DAHDI/o2-1
2025-06-10 12:08:10,238 - INFO - Display cleared
2025-06-10 12:08:16,131 - INFO - File updated: 6002 - 
2025-06-10 12:08:26,190 - INFO - Call answered: DAHDI/o1-1
2025-06-10 12:08:26,191 - INFO - Display cleared
2025-06-10 12:09:56,664 - INFO - AMI Monitor: Connection stable, monitoring for calls...
2025-06-10 12:14:56,691 - INFO - AMI Monitor: Connection stable, monitoring for calls...
2025-06-10 12:16:31,733 - INFO - File updated: 6001 - 
2025-06-10 12:16:41,738 - INFO - Call answered: DAHDI/o1-1
2025-06-10 12:16:41,740 - INFO - Display cleared
2025-06-10 12:17:06,359 - INFO - File updated: 6001 - q1
2025-06-10 12:17:06,399 - INFO - File updated: 6001 - q1
2025-06-10 12:17:06,399 - INFO - Queue call: 6001 joined queue
2025-06-10 12:17:21,170 - INFO - Call hung up: DAHDI/o1-1
2025-06-10 12:17:21,172 - INFO - Display cleared
2025-06-10 12:19:56,771 - INFO - AMI Monitor: Connection stable, monitoring for calls...
2025-06-10 15:44:56,673 - INFO - Starting Caller ID Monitor...
2025-06-10 15:44:56,674 - INFO - Testing AMI connection...
2025-06-10 15:44:56,675 - INFO - Connecting to AMI at 192.168.20.216:7777
2025-06-10 15:44:56,725 - INFO - AMI Banner: Asterisk Call Manager/2.7.0
2025-06-10 15:44:56,728 - INFO - AMI authentication successful
2025-06-10 15:44:56,729 - INFO - AMI connection test successful
2025-06-10 15:44:56,730 - INFO - Connecting to AMI at 192.168.20.216:7777
2025-06-10 15:44:56,737 - INFO - AMI Banner: Asterisk Call Manager/2.7.0
2025-06-10 15:44:56,741 - INFO - AMI authentication successful
2025-06-10 15:49:12,546 - INFO - File updated: 6001 - 
2025-06-10 15:49:22,575 - INFO - Call answered: DAHDI/o1-1
2025-06-10 15:49:22,577 - INFO - Display cleared
2025-06-10 15:49:56,926 - INFO - AMI Monitor: Connection stable, monitoring for calls...
2025-06-10 15:50:26,639 - INFO - File updated: 6001 - 
2025-06-10 15:50:36,704 - INFO - Call answered: DAHDI/o1-1
2025-06-10 15:50:36,706 - INFO - Display cleared
2025-06-10 15:50:56,039 - INFO - File updated: 6001 - 
2025-06-10 15:51:06,117 - INFO - Call answered: DAHDI/o1-1
2025-06-10 15:51:06,119 - INFO - Display cleared
2025-06-10 15:51:14,556 - INFO - File updated: 6001 - q1
2025-06-10 15:51:14,585 - INFO - File updated: 6001 - q1
2025-06-10 15:51:14,586 - INFO - Queue call: 6001 joined queue
2025-06-10 15:52:16,948 - INFO - Watchdog: No activity for 62s. Clearing stuck call.
2025-06-10 15:52:16,952 - INFO - Display cleared
2025-06-10 15:54:56,990 - INFO - AMI Monitor: Connection stable, monitoring for calls...
2025-06-10 15:59:57,014 - INFO - AMI Monitor: Connection stable, monitoring for calls...
2025-06-10 16:04:57,040 - INFO - AMI Monitor: Connection stable, monitoring for calls...
2025-06-10 16:09:57,066 - INFO - AMI Monitor: Connection stable, monitoring for calls...
2025-06-10 16:14:57,096 - INFO - AMI Monitor: Connection stable, monitoring for calls...
2025-06-10 16:19:02,759 - INFO - File updated: 6001 - 
2025-06-10 16:19:12,825 - INFO - Call answered: DAHDI/o1-1
2025-06-10 16:19:12,828 - INFO - Display cleared
2025-06-10 16:19:47,746 - INFO - File updated: 6001 - q1
2025-06-10 16:19:47,878 - INFO - File updated: 6001 - q1
2025-06-10 16:19:47,879 - INFO - Queue call: 6001 joined queue
2025-06-10 16:20:20,755 - INFO - Call hung up: DAHDI/o1-1
2025-06-10 16:20:20,756 - INFO - Display cleared
2025-06-10 16:20:22,126 - INFO - AMI Monitor: Connection stable, monitoring for calls...
2025-06-10 16:22:11,266 - INFO - File updated: 6001 - 
2025-06-10 16:22:13,370 - INFO - Call answered: DAHDI/o1-1
2025-06-10 16:22:13,371 - INFO - Display cleared
2025-06-10 16:25:22,160 - INFO - AMI Monitor: Connection stable, monitoring for calls...
2025-06-10 16:26:33,962 - INFO - File updated: 6001 - 
2025-06-10 16:26:44,042 - INFO - Call answered: DAHDI/o1-1
2025-06-10 16:26:44,044 - INFO - Display cleared
2025-06-10 16:26:57,935 - INFO - File updated: 6001 - q1
2025-06-10 16:26:57,941 - ERROR - AMI connection error: Empty data from AMI. Reconnecting...
2025-06-10 16:26:57,942 - INFO - Reconnecting in 5.0s (attempt 1)
2025-06-10 16:27:02,943 - INFO - Connecting to AMI at 192.168.20.216:7777
2025-06-10 16:27:02,950 - INFO - AMI Banner: Asterisk Call Manager/2.7.0
2025-06-10 16:27:02,953 - INFO - AMI authentication successful
2025-06-10 16:27:02,954 - INFO - Reconnection successful
2025-06-10 16:27:35,136 - INFO - Call hung up: DAHDI/o1-1
2025-06-10 16:27:35,137 - INFO - Display cleared
2025-06-10 16:30:22,200 - INFO - AMI Monitor: Connection stable, monitoring for calls...
2025-06-11 10:04:05,555 - INFO - Starting Caller ID Monitor...
2025-06-11 10:04:05,555 - INFO - Testing AMI connection...
2025-06-11 10:04:05,556 - INFO - Connecting to AMI at 192.168.20.216:7777
2025-06-11 10:04:05,563 - INFO - AMI Banner: Asterisk Call Manager/2.7.0
2025-06-11 10:04:05,566 - INFO - AMI authentication successful
2025-06-11 10:04:05,567 - INFO - AMI connection test successful
2025-06-11 10:04:05,567 - INFO - Connecting to AMI at 192.168.20.216:7777
2025-06-11 10:04:05,574 - INFO - AMI Banner: Asterisk Call Manager/2.7.0
2025-06-11 10:04:05,591 - INFO - AMI authentication successful
2025-06-11 10:09:05,619 - INFO - AMI Monitor: Connection stable, monitoring for calls...
2025-06-11 10:10:05,339 - INFO - File updated: 6001 - 
2025-06-11 10:10:15,403 - INFO - Call answered: DAHDI/o1-1
2025-06-11 10:10:15,404 - INFO - Display cleared
2025-06-11 10:14:05,644 - INFO - AMI Monitor: Connection stable, monitoring for calls...
2025-06-11 10:19:05,669 - INFO - AMI Monitor: Connection stable, monitoring for calls...
2025-06-11 10:24:05,750 - INFO - AMI Monitor: Connection stable, monitoring for calls...
2025-06-11 10:29:05,780 - INFO - AMI Monitor: Connection stable, monitoring for calls...
2025-06-11 10:34:05,809 - INFO - AMI Monitor: Connection stable, monitoring for calls...
2025-06-11 10:34:17,911 - INFO - File updated: 6001 - 
2025-06-11 10:34:27,976 - INFO - Call answered: DAHDI/o1-1
2025-06-11 10:34:27,977 - INFO - Display cleared
2025-06-11 10:34:36,530 - INFO - File updated: 6001 - q1
2025-06-11 10:34:36,541 - INFO - File updated: 6001 - q1
2025-06-11 10:34:36,541 - INFO - Queue call: 6001 joined queue
2025-06-11 10:34:49,489 - INFO - Call hung up: DAHDI/o1-1
2025-06-11 10:34:49,490 - INFO - Display cleared
2025-06-11 10:39:05,870 - INFO - AMI Monitor: Connection stable, monitoring for calls...
2025-06-11 10:44:05,898 - INFO - AMI Monitor: Connection stable, monitoring for calls...
2025-06-11 10:49:05,926 - INFO - AMI Monitor: Connection stable, monitoring for calls...
2025-06-11 10:54:05,952 - INFO - AMI Monitor: Connection stable, monitoring for calls...
2025-06-11 10:59:05,986 - INFO - AMI Monitor: Connection stable, monitoring for calls...
2025-06-11 11:04:06,019 - INFO - AMI Monitor: Connection stable, monitoring for calls...
2025-06-11 11:09:06,048 - INFO - AMI Monitor: Connection stable, monitoring for calls...
2025-06-11 11:14:06,077 - INFO - AMI Monitor: Connection stable, monitoring for calls...
2025-06-11 11:19:06,107 - INFO - AMI Monitor: Connection stable, monitoring for calls...
2025-06-11 11:35:55,953 - INFO - AMI Monitor: Connection stable, monitoring for calls...
2025-06-11 11:36:18,171 - INFO - File updated: 6001 - 
2025-06-11 11:36:28,232 - INFO - Call answered: DAHDI/o1-1
2025-06-11 11:36:28,233 - INFO - Display cleared
2025-06-11 11:36:44,957 - ERROR - AMI connection error: Empty data from AMI. Reconnecting...
2025-06-11 11:36:44,959 - INFO - Reconnecting in 5.0s (attempt 1)
2025-06-11 11:36:49,961 - INFO - Connecting to AMI at 192.168.20.216:7777
2025-06-11 11:36:49,964 - INFO - AMI Banner: Asterisk Call Manager/2.7.0
2025-06-11 11:36:49,967 - INFO - AMI authentication successful
2025-06-11 11:36:49,967 - INFO - Reconnection successful
2025-06-11 11:40:56,050 - INFO - AMI Monitor: Connection stable, monitoring for calls...
2025-06-11 11:45:20,474 - ERROR - AMI connection error: [WinError 10054] An existing connection was forcibly closed by the remote host. Reconnecting...
2025-06-11 11:45:20,476 - INFO - Reconnecting in 5.0s (attempt 1)
2025-06-11 11:45:25,477 - INFO - Connecting to AMI at 192.168.20.216:7777
2025-06-11 11:45:40,528 - ERROR - Reconnection failed: Failed to connect to AMI: [WinError 10061] No connection could be made because the target machine actively refused it
2025-06-11 11:45:40,532 - INFO - Reconnecting in 5.0s (attempt 2)
2025-06-11 11:45:40,533 - ERROR - Critical error: file descriptor cannot be a negative integer (-1)
2025-06-11 11:45:40,534 - INFO - Stopping Caller ID Monitor...
2025-06-11 11:45:40,534 - INFO - Display cleared
2025-06-11 12:14:46,746 - INFO - Starting Caller ID Monitor...
2025-06-11 12:14:46,747 - INFO - Testing AMI connection...
2025-06-11 12:14:46,748 - INFO - Connecting to AMI at 192.168.20.216:7777
2025-06-11 12:14:46,761 - INFO - AMI Banner: Asterisk Call Manager/2.7.0
2025-06-11 12:14:46,765 - INFO - AMI authentication successful
2025-06-11 12:14:46,765 - INFO - AMI connection test successful
2025-06-11 12:14:46,766 - INFO - Connecting to AMI at 192.168.20.216:7777
2025-06-11 12:14:46,771 - INFO - AMI Banner: Asterisk Call Manager/2.7.0
2025-06-11 12:14:46,775 - INFO - AMI authentication successful
2025-06-11 12:15:04,996 - INFO - File updated: 6001 - 
2025-06-11 12:15:15,060 - INFO - Call answered: DAHDI/o1-1
2025-06-11 12:15:15,061 - INFO - Display cleared
2025-06-11 12:15:29,610 - INFO - File updated: 6001 - q1
2025-06-11 12:15:29,649 - INFO - File updated: 6001 - q1
2025-06-11 12:15:29,650 - INFO - Queue call: 6001 joined queue
2025-06-11 12:16:31,785 - INFO - Watchdog: No activity for 62s. Clearing stuck call.
2025-06-11 12:16:31,786 - INFO - Display cleared
2025-06-11 12:19:46,806 - INFO - AMI Monitor: Connection stable, monitoring for calls...
2025-06-11 12:20:45,327 - INFO - File updated: 6001 - 
2025-06-11 12:20:55,394 - INFO - Call answered: DAHDI/o1-1
2025-06-11 12:20:55,395 - INFO - Display cleared
2025-06-11 12:24:46,886 - INFO - AMI Monitor: Connection stable, monitoring for calls...
2025-06-11 12:29:46,910 - INFO - AMI Monitor: Connection stable, monitoring for calls...
2025-06-11 12:34:46,934 - INFO - AMI Monitor: Connection stable, monitoring for calls...
2025-06-11 12:35:07,840 - INFO - File updated: 6001 - 
2025-06-11 12:35:17,917 - INFO - Call answered: DAHDI/o1-1
2025-06-11 12:35:17,917 - INFO - Display cleared
2025-06-11 12:37:50,402 - INFO - File updated: 6001 - 
2025-06-11 12:38:00,488 - INFO - Call answered: DAHDI/o1-1
2025-06-11 12:38:00,490 - INFO - Display cleared
2025-06-11 12:39:35,868 - INFO - File updated: 6001 - 
2025-06-11 12:39:45,940 - INFO - Call answered: DAHDI/o1-1
2025-06-11 12:39:45,942 - INFO - Display cleared
2025-06-11 12:39:46,965 - INFO - AMI Monitor: Connection stable, monitoring for calls...
2025-06-11 12:41:09,428 - INFO - File updated: 6001 - 
2025-06-11 12:41:19,487 - INFO - Call answered: DAHDI/o1-1
2025-06-11 12:41:19,488 - INFO - Display cleared
2025-06-12 11:52:26,498 - INFO - Starting Caller ID Monitor...
2025-06-12 11:52:26,499 - INFO - Testing AMI connection...
2025-06-12 11:52:26,500 - INFO - Connecting to AMI at 192.168.20.216:7777
2025-06-12 11:52:26,706 - INFO - AMI Banner: Asterisk Call Manager/2.7.0
2025-06-12 11:52:26,714 - INFO - AMI authentication successful
2025-06-12 11:52:26,715 - INFO - AMI connection test successful
2025-06-12 11:52:26,716 - INFO - Connecting to AMI at 192.168.20.216:7777
2025-06-12 11:52:26,856 - INFO - AMI Banner: Asterisk Call Manager/2.7.0
2025-06-12 11:52:26,866 - INFO - AMI authentication successful
2025-06-12 11:57:26,895 - INFO - AMI Monitor: Connection stable, monitoring for calls...
2025-06-12 12:02:26,923 - INFO - AMI Monitor: Connection stable, monitoring for calls...
2025-06-12 12:07:26,952 - INFO - AMI Monitor: Connection stable, monitoring for calls...
2025-06-12 12:12:26,980 - INFO - AMI Monitor: Connection stable, monitoring for calls...
2025-06-13 10:27:18,012 - INFO - Starting Caller ID Monitor...
2025-06-13 10:27:18,014 - INFO - Testing AMI connection...
2025-06-13 10:27:18,015 - INFO - Connecting to AMI at 192.168.20.216:7777
2025-06-13 10:27:18,066 - INFO - AMI Banner: Asterisk Call Manager/2.7.0
2025-06-13 10:27:18,069 - INFO - AMI authentication successful
2025-06-13 10:27:18,069 - INFO - AMI connection test successful
2025-06-13 10:27:18,070 - INFO - Connecting to AMI at 192.168.20.216:7777
2025-06-13 10:27:18,078 - INFO - AMI Banner: Asterisk Call Manager/2.7.0
2025-06-13 10:27:18,080 - INFO - AMI authentication successful
2025-06-13 10:32:18,121 - INFO - AMI Monitor: Connection stable, monitoring for calls...
2025-06-13 10:37:18,148 - INFO - AMI Monitor: Connection stable, monitoring for calls...
2025-06-13 10:42:18,180 - INFO - AMI Monitor: Connection stable, monitoring for calls...
2025-06-13 10:47:18,206 - INFO - AMI Monitor: Connection stable, monitoring for calls...
2025-06-13 10:52:18,252 - INFO - AMI Monitor: Connection stable, monitoring for calls...
2025-06-13 10:57:18,287 - INFO - AMI Monitor: Connection stable, monitoring for calls...
2025-06-13 11:02:18,330 - INFO - AMI Monitor: Connection stable, monitoring for calls...
2025-06-13 11:07:18,356 - INFO - AMI Monitor: Connection stable, monitoring for calls...
2025-06-13 11:12:18,390 - INFO - AMI Monitor: Connection stable, monitoring for calls...
2025-06-13 11:17:18,416 - INFO - AMI Monitor: Connection stable, monitoring for calls...
2025-06-13 11:22:18,446 - INFO - AMI Monitor: Connection stable, monitoring for calls...
2025-06-13 11:27:18,467 - INFO - AMI Monitor: Connection stable, monitoring for calls...
2025-06-13 11:32:18,539 - INFO - AMI Monitor: Connection stable, monitoring for calls...
2025-06-13 11:37:18,570 - INFO - AMI Monitor: Connection stable, monitoring for calls...
2025-06-13 11:42:18,596 - INFO - AMI Monitor: Connection stable, monitoring for calls...
2025-06-13 11:47:18,625 - INFO - AMI Monitor: Connection stable, monitoring for calls...
2025-06-13 11:52:18,649 - INFO - AMI Monitor: Connection stable, monitoring for calls...
2025-06-13 11:57:18,711 - INFO - AMI Monitor: Connection stable, monitoring for calls...
2025-06-13 12:02:18,736 - INFO - AMI Monitor: Connection stable, monitoring for calls...
2025-06-13 12:07:18,766 - INFO - AMI Monitor: Connection stable, monitoring for calls...
2025-06-13 12:12:18,793 - INFO - AMI Monitor: Connection stable, monitoring for calls...
2025-06-13 12:17:18,852 - INFO - AMI Monitor: Connection stable, monitoring for calls...
2025-06-13 12:22:18,878 - INFO - AMI Monitor: Connection stable, monitoring for calls...
2025-06-13 12:27:18,900 - INFO - AMI Monitor: Connection stable, monitoring for calls...
2025-06-13 12:32:18,937 - INFO - AMI Monitor: Connection stable, monitoring for calls...
2025-06-13 12:37:18,965 - INFO - AMI Monitor: Connection stable, monitoring for calls...
2025-06-13 12:42:19,017 - INFO - AMI Monitor: Connection stable, monitoring for calls...
2025-06-13 12:47:19,064 - INFO - AMI Monitor: Connection stable, monitoring for calls...
2025-06-13 12:52:19,139 - INFO - AMI Monitor: Connection stable, monitoring for calls...
2025-06-13 12:57:19,161 - INFO - AMI Monitor: Connection stable, monitoring for calls...
2025-06-13 13:02:19,187 - INFO - AMI Monitor: Connection stable, monitoring for calls...
2025-06-13 13:07:19,266 - INFO - AMI Monitor: Connection stable, monitoring for calls...
2025-06-13 13:12:19,284 - INFO - AMI Monitor: Connection stable, monitoring for calls...
2025-06-13 13:17:19,303 - INFO - AMI Monitor: Connection stable, monitoring for calls...
2025-06-13 13:22:19,377 - INFO - AMI Monitor: Connection stable, monitoring for calls...
2025-06-13 13:27:19,427 - INFO - AMI Monitor: Connection stable, monitoring for calls...
2025-06-13 13:32:19,453 - INFO - AMI Monitor: Connection stable, monitoring for calls...
2025-06-13 13:37:19,483 - INFO - AMI Monitor: Connection stable, monitoring for calls...
2025-06-13 13:42:19,513 - INFO - AMI Monitor: Connection stable, monitoring for calls...
2025-06-17 12:09:45,267 - INFO - Starting Caller ID Monitor...
2025-06-17 12:09:45,268 - INFO - Testing AMI connection...
2025-06-17 12:09:45,269 - INFO - Connecting to AMI at 192.168.20.216:7777
2025-06-17 12:09:45,452 - INFO - AMI Banner: Asterisk Call Manager/2.7.0
2025-06-17 12:09:45,455 - INFO - AMI authentication successful
2025-06-17 12:09:45,456 - INFO - AMI connection test successful
2025-06-17 12:09:45,456 - INFO - Connecting to AMI at 192.168.20.216:7777
2025-06-17 12:09:45,460 - INFO - AMI Banner: Asterisk Call Manager/2.7.0
2025-06-17 12:09:45,468 - INFO - AMI authentication successful
2025-06-17 12:14:45,494 - INFO - AMI Monitor: Connection stable, monitoring for calls...
2025-06-17 12:17:11,783 - INFO - File updated: 6001 - 
2025-06-17 12:17:21,844 - INFO - Call answered: DAHDI/o1-1
2025-06-17 12:17:21,845 - INFO - Display cleared
2025-06-17 12:18:23,224 - INFO - File updated: 6001 - 
2025-06-17 12:18:33,293 - INFO - Call answered: DAHDI/o1-1
2025-06-17 12:18:33,294 - INFO - Display cleared
2025-06-17 12:18:44,160 - INFO - File updated: 6001 - q1
2025-06-17 12:18:44,186 - INFO - File updated: 6001 - q1
2025-06-17 12:18:44,187 - INFO - Queue call: 6001 joined queue
2025-06-17 12:19:07,824 - INFO - Call hung up: DAHDI/o1-1
2025-06-17 12:19:07,825 - INFO - Display cleared
2025-06-17 12:19:45,606 - INFO - AMI Monitor: Connection stable, monitoring for calls...
2025-06-17 12:21:59,880 - INFO - File updated: 6001 - 
2025-06-17 12:22:09,951 - INFO - Call answered: DAHDI/o1-1
2025-06-17 12:22:09,953 - INFO - Display cleared
2025-06-17 12:23:45,674 - INFO - File updated: 6001 - 
2025-06-17 12:23:55,742 - INFO - Call answered: DAHDI/o1-1
2025-06-17 12:23:55,743 - INFO - Display cleared
2025-06-17 12:24:45,750 - INFO - AMI Monitor: Connection stable, monitoring for calls...
2025-06-17 12:26:10,105 - INFO - File updated: 6001 - 
2025-06-17 12:26:20,170 - INFO - Call answered: DAHDI/o1-1
2025-06-17 12:26:20,170 - INFO - Display cleared
2025-06-17 12:29:45,866 - INFO - AMI Monitor: Connection stable, monitoring for calls...
2025-06-17 12:34:45,891 - INFO - AMI Monitor: Connection stable, monitoring for calls...
2025-06-17 12:36:59,513 - INFO - File updated: 6001 - 
2025-06-17 12:37:10,299 - ERROR - AMI connection error: Empty data from AMI. Reconnecting...
2025-06-17 12:37:10,300 - INFO - Reconnecting in 5.0s (attempt 1)
2025-06-17 12:37:15,301 - INFO - Connecting to AMI at 192.168.20.216:7777
2025-06-17 12:37:15,308 - INFO - AMI Banner: Asterisk Call Manager/2.7.0
2025-06-17 12:37:15,313 - INFO - AMI authentication successful
2025-06-17 12:37:15,313 - INFO - Reconnection successful
2025-06-17 12:37:23,475 - INFO - Call hung up: DAHDI/o1-1
2025-06-17 12:37:23,476 - INFO - Display cleared
2025-06-17 12:37:39,616 - INFO - File updated: 6001 - 
2025-06-17 12:37:39,619 - ERROR - AMI connection error: Empty data from AMI. Reconnecting...
2025-06-17 12:37:39,619 - INFO - Reconnecting in 5.0s (attempt 1)
2025-06-17 12:37:44,621 - INFO - Connecting to AMI at 192.168.20.216:7777
2025-06-17 12:37:44,629 - INFO - AMI Banner: Asterisk Call Manager/2.7.0
2025-06-17 12:37:44,634 - INFO - AMI authentication successful
2025-06-17 12:37:44,634 - INFO - Reconnection successful
2025-06-17 12:37:49,288 - INFO - Call answered: DAHDI/o2-1
2025-06-17 12:37:49,290 - INFO - Display cleared
2025-06-17 12:39:45,923 - INFO - AMI Monitor: Connection stable, monitoring for calls...
2025-06-17 12:44:45,950 - INFO - AMI Monitor: Connection stable, monitoring for calls...
2025-06-17 12:46:44,280 - INFO - File updated: 6001 - 
2025-06-17 12:46:54,306 - INFO - Call answered: DAHDI/o1-1
2025-06-17 12:46:54,307 - INFO - Display cleared
2025-06-17 12:49:05,607 - INFO - File updated: 6001 - 
2025-06-17 12:49:15,666 - INFO - Call answered: DAHDI/o2-1
2025-06-17 12:49:15,668 - INFO - Display cleared
2025-06-17 12:49:25,601 - INFO - File updated: 6001 - q1
2025-06-17 12:49:25,635 - INFO - File updated: 6001 - q1
2025-06-17 12:49:25,636 - INFO - Queue call: 6001 joined queue
2025-06-17 12:49:31,323 - INFO - Call hung up: DAHDI/o2-1
2025-06-17 12:49:31,323 - INFO - Display cleared
2025-06-17 12:49:45,997 - INFO - AMI Monitor: Connection stable, monitoring for calls...
2025-06-17 12:51:00,216 - INFO - File updated: 6001 - 
2025-06-17 12:51:10,276 - INFO - Call answered: DAHDI/o1-1
2025-06-17 12:51:10,278 - INFO - Display cleared
2025-06-17 12:51:50,590 - INFO - File updated: 6001 - 
2025-06-17 12:52:00,750 - INFO - Call answered: DAHDI/o1-1
2025-06-17 12:52:00,751 - INFO - Display cleared
2025-06-17 12:54:46,032 - INFO - AMI Monitor: Connection stable, monitoring for calls...
2025-06-17 12:56:30,412 - INFO - File updated: 6001 - 
2025-06-17 12:56:40,571 - INFO - Call answered: DAHDI/o1-1
2025-06-17 12:56:40,573 - INFO - Display cleared
2025-06-17 12:56:40,574 - ERROR - AMI connection error: Empty data from AMI. Reconnecting...
2025-06-17 12:56:40,575 - INFO - Reconnecting in 5.0s (attempt 1)
2025-06-17 12:56:45,576 - INFO - Connecting to AMI at 192.168.20.216:7777
2025-06-17 12:56:45,587 - INFO - AMI Banner: Asterisk Call Manager/2.7.0
2025-06-17 12:56:45,590 - INFO - AMI authentication successful
2025-06-17 12:56:45,591 - INFO - Reconnection successful
2025-06-17 12:59:46,084 - INFO - AMI Monitor: Connection stable, monitoring for calls...
2025-06-17 13:02:50,579 - INFO - File updated: 6001 - 
2025-06-17 13:03:00,644 - INFO - Call answered: DAHDI/o1-1
2025-06-17 13:03:00,645 - INFO - Display cleared
2025-06-17 13:04:46,148 - INFO - AMI Monitor: Connection stable, monitoring for calls...
2025-06-17 13:04:57,937 - INFO - File updated: 6001 - 
2025-06-17 13:05:08,004 - INFO - Call answered: DAHDI/o1-1
2025-06-17 13:05:08,006 - INFO - Display cleared
2025-06-17 13:07:45,667 - INFO - File updated: 6001 - 
2025-06-17 13:07:55,644 - INFO - Call answered: DAHDI/o1-1
2025-06-17 13:07:55,646 - INFO - Display cleared
2025-06-17 13:09:46,226 - INFO - AMI Monitor: Connection stable, monitoring for calls...
2025-06-17 13:12:58,593 - INFO - File updated: 6001 - 
2025-06-17 13:13:08,652 - INFO - Call answered: DAHDI/o1-1
2025-06-17 13:13:08,654 - INFO - Display cleared
2025-06-17 13:14:46,254 - INFO - AMI Monitor: Connection stable, monitoring for calls...
2025-06-17 13:16:42,971 - INFO - File updated: 6001 - 
2025-06-17 13:16:53,032 - INFO - Call answered: DAHDI/o1-1
2025-06-17 13:16:53,033 - INFO - Display cleared
2025-06-17 13:17:31,235 - INFO - File updated: 6001 - 
2025-06-17 13:17:41,303 - INFO - Call answered: DAHDI/o1-1
2025-06-17 13:17:41,305 - INFO - Display cleared
2025-06-17 13:18:52,106 - INFO - File updated: 6001 - 
2025-06-17 13:19:02,175 - INFO - Call answered: DAHDI/o1-1
2025-06-17 13:19:02,175 - INFO - Display cleared
2025-06-17 13:19:46,280 - INFO - AMI Monitor: Connection stable, monitoring for calls...
2025-06-17 13:24:46,348 - INFO - AMI Monitor: Connection stable, monitoring for calls...
2025-06-17 13:25:18,755 - INFO - File updated: 6001 - 
2025-06-17 13:25:28,781 - INFO - Call answered: DAHDI/o1-1
2025-06-17 13:25:28,782 - INFO - Display cleared
2025-06-17 13:29:46,385 - INFO - AMI Monitor: Connection stable, monitoring for calls...
2025-06-17 13:30:51,073 - INFO - File updated: 6001 - 
2025-06-17 13:31:01,177 - INFO - Call answered: DAHDI/o1-1
2025-06-17 13:31:01,178 - INFO - Display cleared
2025-06-17 13:31:11,341 - INFO - File updated: 6001 - 
2025-06-17 13:31:21,413 - INFO - Call answered: DAHDI/o2-1
2025-06-17 13:31:21,413 - INFO - Display cleared
2025-06-17 13:31:35,684 - INFO - File updated: 6002 - 
2025-06-17 13:31:45,747 - INFO - Call answered: DAHDI/o2-1
2025-06-17 13:31:45,749 - INFO - Display cleared
2025-06-17 13:34:46,461 - INFO - AMI Monitor: Connection stable, monitoring for calls...
2025-06-17 13:34:57,687 - INFO - File updated: 6001 - 
2025-06-17 13:35:07,687 - INFO - Call answered: DAHDI/o1-1
2025-06-17 13:35:07,689 - INFO - Display cleared
2025-06-17 13:35:40,615 - INFO - File updated: 6001 - 
2025-06-17 13:35:50,693 - INFO - Call answered: DAHDI/o1-1
2025-06-17 13:35:50,694 - INFO - Display cleared
2025-06-17 13:39:46,496 - INFO - AMI Monitor: Connection stable, monitoring for calls...
2025-06-17 13:44:46,524 - INFO - AMI Monitor: Connection stable, monitoring for calls...
2025-06-17 13:47:45,354 - INFO - File updated: 6002 - 
2025-06-17 13:47:55,430 - INFO - Call answered: DAHDI/o2-1
2025-06-17 13:47:55,431 - INFO - Display cleared
2025-06-17 13:49:39,583 - INFO - File updated: 6002 - 
2025-06-17 13:49:49,639 - INFO - Call answered: DAHDI/o2-1
2025-06-17 13:49:49,641 - INFO - Display cleared
2025-06-17 13:49:51,556 - INFO - AMI Monitor: Connection stable, monitoring for calls...
2025-06-18 10:17:33,710 - INFO - Starting Caller ID Monitor...
2025-06-18 10:17:33,711 - INFO - Testing AMI connection...
2025-06-18 10:17:33,712 - INFO - Connecting to AMI at 192.168.20.216:7777
2025-06-18 10:17:33,720 - INFO - AMI Banner: Asterisk Call Manager/2.7.0
2025-06-18 10:17:33,795 - INFO - AMI authentication successful
2025-06-18 10:17:33,796 - INFO - AMI connection test successful
2025-06-18 10:17:33,797 - INFO - Connecting to AMI at 192.168.20.216:7777
2025-06-18 10:17:33,822 - INFO - AMI Banner: Asterisk Call Manager/2.7.0
2025-06-18 10:17:33,829 - INFO - AMI authentication successful
2025-06-18 10:22:33,857 - INFO - AMI Monitor: Connection stable, monitoring for calls...
2025-06-18 10:27:33,941 - INFO - AMI Monitor: Connection stable, monitoring for calls...
2025-06-18 10:32:33,967 - INFO - AMI Monitor: Connection stable, monitoring for calls...
2025-06-18 10:33:10,238 - INFO - File updated: 6001 - 
2025-06-18 10:33:20,308 - INFO - Call answered: DAHDI/o1-1
2025-06-18 10:33:20,310 - INFO - Display cleared
2025-06-18 10:33:28,687 - INFO - File updated: 6001 - q1
2025-06-18 10:33:28,714 - INFO - File updated: 6001 - q1
2025-06-18 10:33:28,714 - INFO - Queue call: 6001 joined queue
2025-06-18 10:33:55,424 - INFO - File updated: 6002 - 
2025-06-18 10:34:05,497 - INFO - Call answered: DAHDI/o2-1
2025-06-18 10:34:05,498 - INFO - Display cleared
2025-06-18 10:34:13,898 - ERROR - AMI connection error: Empty data from AMI. Reconnecting...
2025-06-18 10:34:13,921 - INFO - Reconnecting in 5.0s (attempt 1)
2025-06-18 10:34:18,923 - INFO - Connecting to AMI at 192.168.20.216:7777
2025-06-18 10:34:18,939 - INFO - AMI Banner: Asterisk Call Manager/2.7.0
2025-06-18 10:34:18,941 - INFO - AMI authentication successful
2025-06-18 10:34:18,941 - INFO - Reconnection successful
2025-06-18 10:36:11,887 - INFO - File updated: 6001 - 
2025-06-18 10:36:21,948 - INFO - Call answered: DAHDI/o1-1
2025-06-18 10:36:21,950 - INFO - Display cleared
2025-06-18 10:36:30,149 - INFO - File updated: 6001 - q1
2025-06-18 10:36:30,172 - INFO - File updated: 6001 - q1
2025-06-18 10:36:30,173 - INFO - Queue call: 6001 joined queue
2025-06-18 10:36:50,826 - INFO - File updated: 6002 - 
2025-06-18 10:37:00,890 - INFO - Call answered: DAHDI/o2-1
2025-06-18 10:37:00,893 - INFO - Display cleared
2025-06-18 10:37:07,902 - INFO - File updated: 6002 - q1
2025-06-18 10:37:07,945 - INFO - File updated: 6002 - q1
2025-06-18 10:37:07,945 - INFO - Queue call: 6002 joined queue
2025-06-18 10:37:27,492 - INFO - Call hung up: DAHDI/o2-1
2025-06-18 10:37:27,494 - INFO - Display cleared
2025-06-18 10:37:34,154 - INFO - AMI Monitor: Connection stable, monitoring for calls...
2025-06-18 10:38:42,027 - INFO - File updated: 6002 - 
2025-06-18 10:38:52,104 - INFO - Call answered: DAHDI/o2-1
2025-06-18 10:38:52,105 - INFO - Display cleared
2025-06-18 10:38:58,648 - INFO - File updated: 6002 - q1
2025-06-18 10:38:58,684 - INFO - File updated: 6002 - q1
2025-06-18 10:38:58,686 - INFO - Queue call: 6002 joined queue
2025-06-18 10:39:37,995 - INFO - File updated: 6001 - 
2025-06-18 10:39:48,061 - INFO - Call answered: DAHDI/o1-1
2025-06-18 10:39:48,063 - INFO - Display cleared
2025-06-18 10:39:55,918 - INFO - File updated: 6001 - q1
2025-06-18 10:39:55,951 - INFO - File updated: 6001 - q1
2025-06-18 10:39:55,952 - INFO - Queue call: 6001 joined queue
2025-06-18 10:40:15,134 - INFO - Call hung up: DAHDI/o1-1
2025-06-18 10:40:15,135 - INFO - Display cleared
2025-06-18 10:41:47,104 - INFO - File updated: 6001 - 
2025-06-18 10:41:57,243 - INFO - Call answered: DAHDI/o1-1
2025-06-18 10:41:57,245 - INFO - Display cleared
2025-06-18 10:42:05,893 - INFO - File updated: 6001 - q1
2025-06-18 10:42:05,925 - INFO - File updated: 6001 - q1
2025-06-18 10:42:05,926 - INFO - Queue call: 6001 joined queue
2025-06-18 10:42:22,737 - INFO - File updated: 6002 - 
2025-06-18 10:42:32,748 - INFO - Call answered: DAHDI/o2-1
2025-06-18 10:42:32,750 - INFO - Display cleared
2025-06-18 10:42:34,178 - INFO - AMI Monitor: Connection stable, monitoring for calls...
2025-06-18 10:42:43,098 - INFO - File updated: 6002 - q1
2025-06-18 10:42:43,130 - INFO - File updated: 6002 - q1
2025-06-18 10:42:43,130 - INFO - Queue call: 6002 joined queue
2025-06-18 10:43:03,906 - INFO - Call hung up: DAHDI/o2-1
2025-06-18 10:43:03,908 - INFO - Display cleared
2025-06-18 10:47:34,207 - INFO - AMI Monitor: Connection stable, monitoring for calls...
2025-06-18 10:52:34,230 - INFO - AMI Monitor: Connection stable, monitoring for calls...
2025-06-18 10:57:34,257 - INFO - AMI Monitor: Connection stable, monitoring for calls...
2025-06-18 11:02:34,302 - INFO - AMI Monitor: Connection stable, monitoring for calls...
2025-06-18 11:04:15,629 - INFO - File updated: 6001 - 
2025-06-18 11:04:25,703 - INFO - Call answered: DAHDI/o1-1
2025-06-18 11:04:25,705 - INFO - Display cleared
2025-06-18 11:04:37,863 - INFO - File updated: 6001 - q1
2025-06-18 11:04:37,958 - INFO - File updated: 6001 - q1
2025-06-18 11:04:37,960 - INFO - Queue call: 6001 joined queue
2025-06-18 11:05:01,740 - INFO - File updated: 6002 - 
2025-06-18 11:05:11,823 - INFO - Call answered: DAHDI/o2-1
2025-06-18 11:05:11,824 - INFO - Display cleared
2025-06-18 11:05:22,110 - INFO - File updated: 6002 - q1
2025-06-18 11:05:22,122 - INFO - File updated: 6002 - q1
2025-06-18 11:05:22,123 - INFO - Queue call: 6002 joined queue
2025-06-18 11:05:22,123 - ERROR - AMI connection error: Empty data from AMI. Reconnecting...
2025-06-18 11:05:22,124 - INFO - Reconnecting in 5.0s (attempt 1)
2025-06-18 11:05:27,127 - INFO - Connecting to AMI at 192.168.20.216:7777
2025-06-18 11:05:27,137 - INFO - AMI Banner: Asterisk Call Manager/2.7.0
2025-06-18 11:05:27,140 - INFO - AMI authentication successful
2025-06-18 11:05:27,140 - INFO - Reconnection successful
2025-06-18 11:05:55,637 - INFO - Call hung up: DAHDI/o2-1
2025-06-18 11:05:55,639 - INFO - Display cleared
2025-06-18 11:07:34,330 - INFO - AMI Monitor: Connection stable, monitoring for calls...
2025-06-18 11:12:34,356 - INFO - AMI Monitor: Connection stable, monitoring for calls...
2025-06-18 11:17:34,382 - INFO - AMI Monitor: Connection stable, monitoring for calls...
2025-06-18 11:22:34,409 - INFO - AMI Monitor: Connection stable, monitoring for calls...
2025-06-18 11:27:34,439 - INFO - AMI Monitor: Connection stable, monitoring for calls...
2025-06-18 11:32:34,466 - INFO - AMI Monitor: Connection stable, monitoring for calls...
2025-06-18 11:37:34,489 - INFO - AMI Monitor: Connection stable, monitoring for calls...
2025-06-18 11:42:34,521 - INFO - AMI Monitor: Connection stable, monitoring for calls...
2025-06-18 11:47:34,564 - INFO - AMI Monitor: Connection stable, monitoring for calls...
2025-06-18 11:52:34,669 - INFO - AMI Monitor: Connection stable, monitoring for calls...
2025-06-18 11:57:34,696 - INFO - AMI Monitor: Connection stable, monitoring for calls...
2025-06-18 12:02:34,725 - INFO - AMI Monitor: Connection stable, monitoring for calls...
2025-06-18 12:07:34,749 - INFO - AMI Monitor: Connection stable, monitoring for calls...
2025-06-18 12:12:34,776 - INFO - AMI Monitor: Connection stable, monitoring for calls...
2025-06-18 12:17:34,880 - INFO - AMI Monitor: Connection stable, monitoring for calls...
2025-06-18 12:22:34,896 - INFO - AMI Monitor: Connection stable, monitoring for calls...
2025-06-18 12:27:34,951 - INFO - AMI Monitor: Connection stable, monitoring for calls...
2025-06-18 12:32:34,989 - INFO - AMI Monitor: Connection stable, monitoring for calls...
2025-06-18 12:37:35,047 - INFO - AMI Monitor: Connection stable, monitoring for calls...
2025-06-18 12:42:35,072 - INFO - AMI Monitor: Connection stable, monitoring for calls...
2025-06-18 12:47:35,132 - INFO - AMI Monitor: Connection stable, monitoring for calls...
2025-06-18 12:52:35,160 - INFO - AMI Monitor: Connection stable, monitoring for calls...
2025-06-18 12:57:35,220 - INFO - AMI Monitor: Connection stable, monitoring for calls...
2025-06-18 13:02:35,257 - INFO - AMI Monitor: Connection stable, monitoring for calls...
2025-06-18 13:07:35,316 - INFO - AMI Monitor: Connection stable, monitoring for calls...
2025-06-19 09:59:05,227 - INFO - Starting Caller ID Monitor...
2025-06-19 09:59:05,228 - INFO - Testing AMI connection...
2025-06-19 09:59:05,229 - INFO - Connecting to AMI at 192.168.20.216:7777
2025-06-19 09:59:05,237 - INFO - AMI Banner: Asterisk Call Manager/2.7.0
2025-06-19 09:59:05,241 - INFO - AMI authentication successful
2025-06-19 09:59:05,242 - INFO - AMI connection test successful
2025-06-19 09:59:05,242 - INFO - Connecting to AMI at 192.168.20.216:7777
2025-06-19 09:59:05,245 - INFO - AMI Banner: Asterisk Call Manager/2.7.0
2025-06-19 09:59:05,249 - INFO - AMI authentication successful
2025-06-19 10:04:05,278 - INFO - AMI Monitor: Connection stable, monitoring for calls...
2025-06-19 10:04:58,126 - INFO - File updated: 6001 - 
2025-06-19 10:05:08,305 - INFO - Call answered: DAHDI/o1-1
2025-06-19 10:05:08,307 - INFO - Display cleared
2025-06-19 10:05:21,376 - INFO - File updated: 6001 - q1
2025-06-19 10:05:21,392 - INFO - File updated: 6001 - q1
2025-06-19 10:05:21,393 - INFO - Queue call: 6001 joined queue
2025-06-19 10:05:45,050 - INFO - Call hung up: DAHDI/o1-1
2025-06-19 10:05:45,081 - INFO - Display cleared
2025-06-19 10:09:05,314 - INFO - AMI Monitor: Connection stable, monitoring for calls...
2025-06-19 10:11:29,684 - INFO - File updated: 6001 - 
2025-06-19 10:11:39,857 - INFO - Call answered: DAHDI/o1-1
2025-06-19 10:11:39,860 - INFO - Display cleared
2025-06-19 10:12:42,944 - INFO - File updated: 6001 - 
2025-06-19 10:12:53,017 - INFO - Call answered: DAHDI/o1-1
2025-06-19 10:12:53,020 - INFO - Display cleared
2025-06-19 10:14:05,440 - INFO - AMI Monitor: Connection stable, monitoring for calls...
2025-06-19 10:19:05,466 - INFO - AMI Monitor: Connection stable, monitoring for calls...
2025-06-19 10:24:05,491 - INFO - AMI Monitor: Connection stable, monitoring for calls...
2025-06-19 10:29:05,515 - INFO - AMI Monitor: Connection stable, monitoring for calls...
2025-06-19 10:34:05,568 - INFO - AMI Monitor: Connection stable, monitoring for calls...
2025-06-19 10:39:05,607 - INFO - AMI Monitor: Connection stable, monitoring for calls...
2025-06-19 10:44:05,647 - INFO - AMI Monitor: Connection stable, monitoring for calls...
2025-06-19 10:49:05,694 - INFO - AMI Monitor: Connection stable, monitoring for calls...
2025-06-19 10:54:05,721 - INFO - AMI Monitor: Connection stable, monitoring for calls...
2025-06-19 10:59:05,752 - INFO - AMI Monitor: Connection stable, monitoring for calls...
2025-06-19 11:15:16,697 - INFO - AMI Monitor: Connection stable, monitoring for calls...
2025-06-19 11:15:20,497 - ERROR - AMI connection error: [WinError 10054] An existing connection was forcibly closed by the remote host. Reconnecting...
2025-06-19 11:15:20,520 - INFO - Reconnecting in 5.0s (attempt 1)
2025-06-19 11:15:25,521 - INFO - Connecting to AMI at 192.168.20.216:7777
2025-06-19 11:15:25,527 - INFO - AMI Banner: Asterisk Call Manager/2.7.0
2025-06-19 11:15:25,531 - INFO - AMI authentication successful
2025-06-19 11:15:25,531 - INFO - Reconnection successful
2025-06-19 11:20:18,753 - INFO - AMI Monitor: Connection stable, monitoring for calls...
2025-06-19 11:25:18,789 - INFO - AMI Monitor: Connection stable, monitoring for calls...
2025-06-19 11:30:18,818 - INFO - AMI Monitor: Connection stable, monitoring for calls...
2025-06-19 11:35:18,857 - INFO - AMI Monitor: Connection stable, monitoring for calls...
2025-06-19 11:40:18,954 - INFO - AMI Monitor: Connection stable, monitoring for calls...
2025-06-19 11:45:18,998 - INFO - AMI Monitor: Connection stable, monitoring for calls...
2025-06-19 11:50:19,036 - INFO - AMI Monitor: Connection stable, monitoring for calls...
2025-06-19 11:54:17,418 - INFO - File updated: 6001 - 
2025-06-19 11:54:27,489 - INFO - Call answered: DAHDI/o2-1
2025-06-19 11:54:27,492 - INFO - Display cleared
2025-06-19 11:54:37,292 - INFO - File updated: 6001 - q1
2025-06-19 11:54:37,322 - INFO - File updated: 6001 - q1
2025-06-19 11:54:37,323 - INFO - Queue call: 6001 joined queue
2025-06-19 11:54:52,396 - INFO - Call hung up: DAHDI/o2-1
2025-06-19 11:54:52,397 - INFO - Display cleared
2025-06-19 11:55:19,093 - INFO - AMI Monitor: Connection stable, monitoring for calls...
2025-06-19 12:00:19,121 - INFO - AMI Monitor: Connection stable, monitoring for calls...
2025-06-19 12:05:19,149 - INFO - AMI Monitor: Connection stable, monitoring for calls...
2025-06-19 12:10:19,180 - INFO - AMI Monitor: Connection stable, monitoring for calls...
2025-06-19 12:15:19,210 - INFO - AMI Monitor: Connection stable, monitoring for calls...
2025-06-19 12:20:19,236 - INFO - AMI Monitor: Connection stable, monitoring for calls...
2025-06-19 12:25:19,285 - INFO - AMI Monitor: Connection stable, monitoring for calls...
2025-06-19 12:30:19,302 - INFO - AMI Monitor: Connection stable, monitoring for calls...
2025-06-19 12:35:19,344 - INFO - AMI Monitor: Connection stable, monitoring for calls...
2025-06-19 12:40:19,386 - INFO - AMI Monitor: Connection stable, monitoring for calls...
2025-06-19 12:45:19,432 - INFO - AMI Monitor: Connection stable, monitoring for calls...
2025-06-19 12:50:19,464 - INFO - AMI Monitor: Connection stable, monitoring for calls...
2025-06-19 12:55:19,493 - INFO - AMI Monitor: Connection stable, monitoring for calls...
2025-06-19 13:00:19,520 - INFO - AMI Monitor: Connection stable, monitoring for calls...
2025-06-19 13:05:19,547 - INFO - AMI Monitor: Connection stable, monitoring for calls...
2025-06-19 13:23:17,551 - INFO - AMI Monitor: Connection stable, monitoring for calls...
2025-06-19 13:23:24,863 - ERROR - AMI connection error: [WinError 10054] An existing connection was forcibly closed by the remote host. Reconnecting...
2025-06-19 13:23:24,863 - INFO - Reconnecting in 5.0s (attempt 1)
2025-06-19 13:23:29,869 - INFO - Connecting to AMI at 192.168.20.216:7777
2025-06-19 13:23:30,225 - INFO - AMI Banner: Asterisk Call Manager/2.7.0
2025-06-19 13:23:30,436 - INFO - AMI authentication successful
2025-06-19 13:23:30,482 - INFO - Reconnection successful
2025-06-19 13:28:17,570 - INFO - AMI Monitor: Connection stable, monitoring for calls...
2025-06-19 13:33:17,595 - INFO - AMI Monitor: Connection stable, monitoring for calls...
2025-06-19 13:38:17,620 - INFO - AMI Monitor: Connection stable, monitoring for calls...
2025-06-19 13:39:03,050 - INFO - File updated: 6001 - 
2025-06-19 13:39:13,042 - INFO - Call answered: DAHDI/o1-1
2025-06-19 13:39:13,044 - INFO - Display cleared
2025-06-19 13:39:19,146 - INFO - File updated: 6001 - q1
2025-06-19 13:39:19,173 - INFO - File updated: 6001 - q1
2025-06-19 13:39:19,174 - INFO - Queue call: 6001 joined queue
2025-06-19 13:39:41,896 - INFO - Call hung up: DAHDI/o1-1
2025-06-19 13:39:41,899 - INFO - Display cleared
2025-06-19 13:43:17,652 - INFO - AMI Monitor: Connection stable, monitoring for calls...
2025-06-19 13:48:17,683 - INFO - AMI Monitor: Connection stable, monitoring for calls...
2025-06-19 13:53:17,709 - INFO - AMI Monitor: Connection stable, monitoring for calls...
2025-06-19 13:58:17,737 - INFO - AMI Monitor: Connection stable, monitoring for calls...
2025-06-19 14:03:17,763 - INFO - AMI Monitor: Connection stable, monitoring for calls...
2025-06-19 14:08:17,807 - INFO - AMI Monitor: Connection stable, monitoring for calls...
